<?xml version="1.0" encoding="UTF-8"?>
<!-- Generated by org.testng.reporters.JUnitXMLReporter -->
<testsuite ignored="0" hostname="DESKTOP-OLEVU1S" failures="0" tests="5" name="Test" time="21.521" errors="0" timestamp="2024-11-19T12:08:49 IST">
  <testcase classname="TestNGExcecution.DominosLaunch" name="Dominos" time="3.361"/>
  <testcase classname="TestNGExcecution.OlafoodsLaunch" name="Olafoods" time="4.372"/>
  <testcase classname="TestNGExcecution.SwiggyLaunch" name="Swiggy" time="3.849"/>
  <testcase classname="TestNGExcecution.ZomatoLaunch" name="Zomato" time="3.76"/>
  <testcase classname="TestNGExcecution.KFCLaunch" name="KFC" time="6.138"/>
</testsuite> <!-- Test -->
