<?xml version="1.0" encoding="UTF-8"?>
<!-- Generated by org.testng.reporters.JUnitXMLReporter -->
<testsuite ignored="0" hostname="DESKTOP-OLEVU1S" failures="0" tests="5" name="Test" time="7.074" errors="0" timestamp="2024-11-19T12:34:46 IST">
  <testcase classname="TestNGExcecution.SwiggyLaunch" name="Swiggy" time="4.99"/>
  <testcase classname="TestNGExcecution.DominosLaunch" name="Dominos" time="5.162"/>
  <testcase classname="TestNGExcecution.KFCLaunch" name="KFC" time="6.642"/>
  <testcase classname="TestNGExcecution.OlafoodsLaunch" name="Olafoods" time="6.827"/>
  <testcase classname="TestNGExcecution.ZomatoLaunch" name="Zomato" time="7.03"/>
</testsuite> <!-- Test -->
