<?xml version="1.0" encoding="UTF-8"?>
<testng-results ignored="0" total="1" passed="1" failed="0" skipped="0">
  <reporter-output>
    <line>
      <![CDATA[Before Suite is getting launched]]>
    </line>
    <line>
      <![CDATA[Before Test is getting launched]]>
    </line>
    <line>
      <![CDATA[Before Class is getting launched]]>
    </line>
    <line>
      <![CDATA[Before Method is getting launched]]>
    </line>
    <line>
      <![CDATA[Main is getting launched]]>
    </line>
    <line>
      <![CDATA[After Method is getting launched]]>
    </line>
    <line>
      <![CDATA[After Class is getting launched]]>
    </line>
    <line>
      <![CDATA[After Test is getting launched]]>
    </line>
    <line>
      <![CDATA[After Suite is getting launched]]>
    </line>
  </reporter-output>
  <suite started-at="2024-11-19T13:57:43 IST" name="Default suite" finished-at="2024-11-19T13:57:43 IST" duration-ms="48">
    <groups>
    </groups>
    <test started-at="2024-11-19T13:57:43 IST" name="Default test" finished-at="2024-11-19T13:57:43 IST" duration-ms="48">
      <class name="Chronology.ChronologyOrders">
        <test-method is-config="true" signature="beforeSuite()[pri:0, instance:Chronology.ChronologyOrders@436813f3]" started-at="2024-11-19T13:57:43 IST" name="beforeSuite" finished-at="2024-11-19T13:57:43 IST" duration-ms="10" status="PASS">
          <reporter-output>
            <line>
              <![CDATA[Before Suite is getting launched]]>
            </line>
          </reporter-output>
        </test-method> <!-- beforeSuite -->
        <test-method is-config="true" signature="beforeTest()[pri:0, instance:Chronology.ChronologyOrders@436813f3]" started-at="2024-11-19T13:57:43 IST" name="beforeTest" finished-at="2024-11-19T13:57:43 IST" duration-ms="1" status="PASS">
          <reporter-output>
            <line>
              <![CDATA[Before Test is getting launched]]>
            </line>
          </reporter-output>
        </test-method> <!-- beforeTest -->
        <test-method is-config="true" signature="beforeClass()[pri:0, instance:Chronology.ChronologyOrders@436813f3]" started-at="2024-11-19T13:57:43 IST" name="beforeClass" finished-at="2024-11-19T13:57:43 IST" duration-ms="0" status="PASS">
          <reporter-output>
            <line>
              <![CDATA[Before Class is getting launched]]>
            </line>
          </reporter-output>
        </test-method> <!-- beforeClass -->
        <test-method is-config="true" signature="beforeMethod()[pri:0, instance:Chronology.ChronologyOrders@436813f3]" started-at="2024-11-19T13:57:43 IST" name="beforeMethod" finished-at="2024-11-19T13:57:43 IST" duration-ms="1" status="PASS">
          <reporter-output>
            <line>
              <![CDATA[Before Method is getting launched]]>
            </line>
          </reporter-output>
        </test-method> <!-- beforeMethod -->
        <test-method signature="chronologyMain()[pri:0, instance:Chronology.ChronologyOrders@436813f3]" started-at="2024-11-19T13:57:43 IST" name="chronologyMain" finished-at="2024-11-19T13:57:43 IST" duration-ms="8" status="PASS">
          <reporter-output>
            <line>
              <![CDATA[Main is getting launched]]>
            </line>
          </reporter-output>
        </test-method> <!-- chronologyMain -->
        <test-method is-config="true" signature="afterMethod()[pri:0, instance:Chronology.ChronologyOrders@436813f3]" started-at="2024-11-19T13:57:43 IST" name="afterMethod" finished-at="2024-11-19T13:57:43 IST" duration-ms="0" status="PASS">
          <reporter-output>
            <line>
              <![CDATA[After Method is getting launched]]>
            </line>
          </reporter-output>
        </test-method> <!-- afterMethod -->
        <test-method is-config="true" signature="afterClass()[pri:0, instance:Chronology.ChronologyOrders@436813f3]" started-at="2024-11-19T13:57:43 IST" name="afterClass" finished-at="2024-11-19T13:57:43 IST" duration-ms="1" status="PASS">
          <reporter-output>
            <line>
              <![CDATA[After Class is getting launched]]>
            </line>
          </reporter-output>
        </test-method> <!-- afterClass -->
        <test-method is-config="true" signature="afterTest()[pri:0, instance:Chronology.ChronologyOrders@436813f3]" started-at="2024-11-19T13:57:43 IST" name="afterTest" finished-at="2024-11-19T13:57:43 IST" duration-ms="0" status="PASS">
          <reporter-output>
            <line>
              <![CDATA[After Test is getting launched]]>
            </line>
          </reporter-output>
        </test-method> <!-- afterTest -->
        <test-method is-config="true" signature="afterSuite()[pri:0, instance:Chronology.ChronologyOrders@436813f3]" started-at="2024-11-19T13:57:43 IST" name="afterSuite" finished-at="2024-11-19T13:57:43 IST" duration-ms="0" status="PASS">
          <reporter-output>
            <line>
              <![CDATA[After Suite is getting launched]]>
            </line>
          </reporter-output>
        </test-method> <!-- afterSuite -->
      </class> <!-- Chronology.ChronologyOrders -->
    </test> <!-- Default test -->
  </suite> <!-- Default suite -->
</testng-results>
