<?xml version="1.0" encoding="UTF-8"?>
<!-- Generated by org.testng.reporters.JUnitXMLReporter -->
<testsuite ignored="2" hostname="DESKTOP-OLEVU1S" failures="0" tests="3" name="Test" time="9.863" errors="0" timestamp="2024-11-19T12:52:54 IST">
  <testcase classname="TestNGExcecution.OlafoodsLaunch" name="Olafoods" time="4.799"/>
  <testcase classname="TestNGExcecution.SwiggyLaunch" name="Swiggy" time="2.134"/>
  <testcase classname="TestNGExcecution.KFCLaunch" name="KFC" time="2.887"/>
  <testcase classname="TestNGExcecution.DominosLaunch" name="Dominos" time="0.0">
    <ignored/>
  </testcase> <!-- Dominos -->
  <testcase classname="TestNGExcecution.ZomatoLaunch" name="Zomato" time="0.0">
    <ignored/>
  </testcase> <!-- Zomato -->
</testsuite> <!-- Test -->
